<?xml version="1.0" encoding="UTF-8"?>
<testng-results skipped="0" failed="0" total="2" passed="2">
  <reporter-output>
  </reporter-output>
  <suite name="Surefire suite" duration-ms="35713" started-at="2016-05-16T19:56:49Z" finished-at="2016-05-16T19:57:25Z">
    <groups>
    </groups>
    <test name="Surefire test" duration-ms="35713" started-at="2016-05-16T19:56:49Z" finished-at="2016-05-16T19:57:25Z">
      <class name="GmailTest">
        <test-method status="PASS" signature="loginShouldBeSuccessfull()[pri:0, instance:loginShouldBeSuccessfull(GmailTest)]" name="loginShouldBeSuccessfull" duration-ms="10254" started-at="2016-05-16T14:56:55Z" finished-at="2016-05-16T14:57:05Z">
          <reporter-output>
          </reporter-output>
        </test-method> <!-- loginShouldBeSuccessfull -->
        <test-method status="PASS" signature="sendAndReceiveEmailTest()[pri:0, instance:sendAndReceiveEmailTest(GmailTest)]" name="sendAndReceiveEmailTest" duration-ms="13791" started-at="2016-05-16T14:57:11Z" finished-at="2016-05-16T14:57:25Z">
          <reporter-output>
          </reporter-output>
        </test-method> <!-- sendAndReceiveEmailTest -->
      </class> <!-- GmailTest -->
    </test> <!-- Surefire test -->
  </suite> <!-- Surefire suite -->
</testng-results>
